2023-04-25 13:48:10:389 | INFO The password for LCMExport last modified 04/24/2023 13:34:34 has been found in database. 
2023-04-25 13:48:10:452 | INFO The password for LCMExport has been generated successfully 
2023-04-25 13:48:10:452 | INFO Trying to change password for LCMExport in the database EpmTools_config. 
2023-04-25 13:48:10:467 | INFO Secret for user LCMExport has been encrypted. 
2023-04-25 13:48:10:483 | INFO Secret for user LCMExport has been updated in the db [RowsAffected = 2] 
2023-04-25 13:48:10:499 | INFO Trying to change password for LCMExport using HSS http://127.0.0.1:8448. 
2023-04-25 13:48:10:905 | INFO The password for LCMExport has been changed. Password changed 
2023-04-26 09:30:00:664 | INFO The password for LCMExport last modified 04/25/2023 13:48:10 has been found in database. 
2023-04-26 09:30:00:679 | INFO The password was updated 20 hours ago. No need to update. 
2023-04-27 09:30:00:667 | INFO The password for LCMExport last modified 04/25/2023 13:48:10 has been found in database. 
2023-04-27 09:30:00:698 | INFO The password was updated 44 hours ago. No need to update. 
2023-04-28 09:30:00:679 | INFO The password for LCMExport last modified 04/25/2023 13:48:10 has been found in database. 
2023-04-28 09:30:00:710 | INFO The password was updated 68 hours ago. No need to update. 
2023-04-29 09:30:00:794 | INFO The password for LCMExport last modified 04/25/2023 13:48:10 has been found in database. 
2023-04-29 09:30:00:825 | INFO The password was updated 92 hours ago. No need to update. 
2023-04-30 09:30:00:724 | INFO The password for LCMExport last modified 04/25/2023 13:48:10 has been found in database. 
2023-04-30 09:30:00:739 | INFO The password was updated 116 hours ago. No need to update. 
2023-05-01 09:30:00:708 | INFO The password for LCMExport last modified 04/25/2023 13:48:10 has been found in database. 
2023-05-01 09:30:00:740 | INFO The password was updated 140 hours ago. No need to update. 
2023-05-02 09:30:00:760 | INFO The password for LCMExport last modified 04/25/2023 13:48:10 has been found in database. 
2023-05-02 09:30:00:791 | INFO The password was updated 164 hours ago. No need to update. 
2023-05-03 09:30:00:794 | INFO The password for LCMExport last modified 04/25/2023 13:48:10 has been found in database. 
2023-05-03 09:30:00:825 | INFO The password was updated 188 hours ago. No need to update. 
2023-05-04 09:30:00:881 | INFO The password for LCMExport last modified 04/25/2023 13:48:10 has been found in database. 
2023-05-04 09:30:00:912 | INFO The password was updated 212 hours ago. No need to update. 
2023-05-05 09:30:00:836 | INFO The password for LCMExport last modified 04/25/2023 13:48:10 has been found in database. 
2023-05-05 09:30:00:851 | INFO The password was updated 236 hours ago. No need to update. 
2023-05-06 09:30:00:848 | INFO The password for LCMExport last modified 04/25/2023 13:48:10 has been found in database. 
2023-05-06 09:30:00:879 | INFO The password was updated 260 hours ago. No need to update. 
2023-05-07 09:30:00:874 | INFO The password for LCMExport last modified 04/25/2023 13:48:10 has been found in database. 
2023-05-07 09:30:00:904 | INFO The password was updated 284 hours ago. No need to update. 
2023-05-08 09:30:00:907 | INFO The password for LCMExport last modified 04/25/2023 13:48:10 has been found in database. 
2023-05-08 09:30:00:923 | INFO The password was updated 308 hours ago. No need to update. 
2023-05-09 09:30:01:069 | INFO The password for LCMExport last modified 04/25/2023 13:48:10 has been found in database. 
2023-05-09 09:30:01:100 | INFO The password was updated 332 hours ago. No need to update. 
2023-05-10 09:30:29:000 | ERROR Exception calling "Open" with "0" argument(s): "A network-related or instance-specific error occurred while establishing a connection to SQL Server. The server was not found or was not accessible. Verify that the instance name is correct and that SQL Server is configured to allow remote connections. (provider: Named Pipes Provider, error: 40 - Could not open a connection to SQL Server)" 
2023-05-11 09:30:38:132 | ERROR Exception calling "Open" with "0" argument(s): "A network-related or instance-specific error occurred while establishing a connection to SQL Server. The server was not found or was not accessible. Verify that the instance name is correct and that SQL Server is configured to allow remote connections. (provider: Named Pipes Provider, error: 40 - Could not open a connection to SQL Server)" 
2023-05-12 09:30:37:704 | ERROR Exception calling "Open" with "0" argument(s): "A network-related or instance-specific error occurred while establishing a connection to SQL Server. The server was not found or was not accessible. Verify that the instance name is correct and that SQL Server is configured to allow remote connections. (provider: Named Pipes Provider, error: 40 - Could not open a connection to SQL Server)" 
2023-05-13 09:30:37:763 | ERROR Exception calling "Open" with "0" argument(s): "A network-related or instance-specific error occurred while establishing a connection to SQL Server. The server was not found or was not accessible. Verify that the instance name is correct and that SQL Server is configured to allow remote connections. (provider: Named Pipes Provider, error: 40 - Could not open a connection to SQL Server)" 
2023-05-14 09:30:37:184 | ERROR Exception calling "Open" with "0" argument(s): "A network-related or instance-specific error occurred while establishing a connection to SQL Server. The server was not found or was not accessible. Verify that the instance name is correct and that SQL Server is configured to allow remote connections. (provider: Named Pipes Provider, error: 40 - Could not open a connection to SQL Server)" 
2023-05-15 09:30:29:266 | ERROR Exception calling "Open" with "0" argument(s): "A network-related or instance-specific error occurred while establishing a connection to SQL Server. The server was not found or was not accessible. Verify that the instance name is correct and that SQL Server is configured to allow remote connections. (provider: Named Pipes Provider, error: 40 - Could not open a connection to SQL Server)" 
2023-05-26 11:35:47:090 | INFO The password for LCMExport last modified 04/25/2023 13:48:10 has been found in database. 
2023-05-26 11:35:47:184 | INFO The password for LCMExport has been generated successfully 
2023-05-26 11:35:47:199 | INFO Trying to change password for LCMExport in the database EpmTools_config. 
2023-05-26 11:35:47:215 | INFO Secret for user LCMExport has been encrypted. 
2023-05-26 11:35:47:262 | INFO Secret for user LCMExport has been updated in the db [RowsAffected = 2] 
2023-05-26 11:35:47:277 | INFO Trying to change password for LCMExport using HSS http://127.0.0.1:8448. 
2023-05-26 11:36:07:057 | INFO The password for LCMExport has been changed. Password changed 
2023-05-26 11:37:38:647 | INFO The password for LCMExport last modified 05/26/2023 11:35:47 has been found in database. 
2023-05-26 11:37:38:694 | INFO The password was updated 0 hours ago. No need to update. 
2023-05-27 09:30:01:577 | INFO The password for LCMExport last modified 05/26/2023 11:35:47 has been found in database. 
2023-05-27 09:30:01:608 | INFO The password was updated 22 hours ago. No need to update. 
2023-05-28 09:30:01:421 | INFO The password for LCMExport last modified 05/26/2023 11:35:47 has been found in database. 
2023-05-28 09:30:01:484 | INFO The password was updated 46 hours ago. No need to update. 
2023-05-29 09:30:01:498 | INFO The password for LCMExport last modified 05/26/2023 11:35:47 has been found in database. 
2023-05-29 09:30:01:529 | INFO The password was updated 70 hours ago. No need to update. 
2023-05-30 09:30:01:374 | INFO The password for LCMExport last modified 05/26/2023 11:35:47 has been found in database. 
2023-05-30 09:30:01:421 | INFO The password was updated 94 hours ago. No need to update. 
2023-05-31 09:30:01:309 | INFO The password for LCMExport last modified 05/26/2023 11:35:47 has been found in database. 
2023-05-31 09:30:01:371 | INFO The password was updated 118 hours ago. No need to update. 
2023-06-01 09:30:01:263 | INFO The password for LCMExport last modified 05/26/2023 11:35:47 has been found in database. 
2023-06-01 09:30:01:309 | INFO The password was updated 142 hours ago. No need to update. 
2023-06-02 09:30:01:436 | INFO The password for LCMExport last modified 05/26/2023 11:35:47 has been found in database. 
2023-06-02 09:30:01:467 | INFO The password was updated 166 hours ago. No need to update. 
2023-06-03 09:30:01:951 | INFO The password for LCMExport last modified 05/26/2023 11:35:47 has been found in database. 
2023-06-03 09:30:02:014 | INFO The password was updated 190 hours ago. No need to update. 
2023-06-04 09:30:02:044 | INFO The password for LCMExport last modified 05/26/2023 11:35:47 has been found in database. 
2023-06-04 09:30:02:091 | INFO The password was updated 214 hours ago. No need to update. 
2023-06-05 09:30:01:895 | INFO The password for LCMExport last modified 05/26/2023 11:35:47 has been found in database. 
2023-06-05 09:30:01:941 | INFO The password was updated 238 hours ago. No need to update. 
2023-06-06 09:30:02:080 | INFO The password for LCMExport last modified 05/26/2023 11:35:47 has been found in database. 
2023-06-06 09:30:02:158 | INFO The password was updated 262 hours ago. No need to update. 
2023-06-07 09:30:01:713 | INFO The password for LCMExport last modified 05/26/2023 11:35:47 has been found in database. 
2023-06-07 09:30:01:775 | INFO The password was updated 286 hours ago. No need to update. 
2023-06-08 09:30:02:305 | INFO The password for LCMExport last modified 05/26/2023 11:35:47 has been found in database. 
2023-06-08 09:30:02:352 | INFO The password was updated 310 hours ago. No need to update. 
2023-06-09 09:30:02:010 | INFO The password for LCMExport last modified 05/26/2023 11:35:47 has been found in database. 
2023-06-09 09:30:02:088 | INFO The password was updated 334 hours ago. No need to update. 
2023-06-10 09:30:02:018 | INFO The password for LCMExport last modified 05/26/2023 11:35:47 has been found in database. 
2023-06-10 09:30:02:065 | INFO The password was updated 358 hours ago. No need to update. 
2023-06-11 09:30:01:827 | INFO The password for LCMExport last modified 05/26/2023 11:35:47 has been found in database. 
2023-06-11 09:30:01:889 | INFO The password was updated 382 hours ago. No need to update. 
2023-06-12 09:30:01:856 | INFO The password for LCMExport last modified 05/26/2023 11:35:47 has been found in database. 
2023-06-12 09:30:01:903 | INFO The password was updated 406 hours ago. No need to update. 
2023-06-13 09:30:01:881 | INFO The password for LCMExport last modified 05/26/2023 11:35:47 has been found in database. 
2023-06-13 09:30:01:959 | INFO The password was updated 430 hours ago. No need to update. 
2023-06-14 09:30:02:095 | INFO The password for LCMExport last modified 05/26/2023 11:35:47 has been found in database. 
2023-06-14 09:30:02:142 | INFO The password was updated 454 hours ago. No need to update. 
2023-06-15 09:30:01:899 | INFO The password for LCMExport last modified 05/26/2023 11:35:47 has been found in database. 
2023-06-15 09:30:01:961 | INFO The password was updated 478 hours ago. No need to update. 
2023-06-16 09:30:02:008 | INFO The password for LCMExport last modified 05/26/2023 11:35:47 has been found in database. 
2023-06-16 09:30:02:055 | INFO The password was updated 502 hours ago. No need to update. 
2023-06-17 09:30:02:684 | INFO The password for LCMExport last modified 05/26/2023 11:35:47 has been found in database. 
2023-06-17 09:30:02:746 | INFO The password was updated 526 hours ago. No need to update. 
2023-06-18 09:30:01:997 | INFO The password for LCMExport last modified 05/26/2023 11:35:47 has been found in database. 
2023-06-18 09:30:02:043 | INFO The password was updated 550 hours ago. No need to update. 
2023-06-19 09:30:02:069 | INFO The password for LCMExport last modified 05/26/2023 11:35:47 has been found in database. 
2023-06-19 09:30:02:147 | INFO The password was updated 574 hours ago. No need to update. 
2023-06-20 09:30:02:176 | INFO The password for LCMExport last modified 05/26/2023 11:35:47 has been found in database. 
2023-06-20 09:30:02:207 | INFO The password was updated 598 hours ago. No need to update. 
2023-06-21 09:30:02:392 | INFO The password for LCMExport last modified 05/26/2023 11:35:47 has been found in database. 
2023-06-21 09:30:02:439 | INFO The password was updated 622 hours ago. No need to update. 
2023-06-22 09:30:01:143 | INFO The password for LCMExport last modified 05/26/2023 11:35:47 has been found in database. 
2023-06-22 09:30:01:190 | INFO The password was updated 646 hours ago. No need to update. 
2023-06-23 09:30:01:450 | INFO The password for LCMExport last modified 05/26/2023 11:35:47 has been found in database. 
2023-06-23 09:30:01:512 | INFO The password was updated 670 hours ago. No need to update. 
2023-06-24 09:30:01:182 | INFO The password for LCMExport last modified 05/26/2023 11:35:47 has been found in database. 
2023-06-24 09:30:01:244 | INFO The password was updated 694 hours ago. No need to update. 
2023-06-25 09:30:01:161 | INFO The password for LCMExport last modified 05/26/2023 11:35:47 has been found in database. 
2023-06-25 09:30:01:208 | INFO The password was updated 718 hours ago. No need to update. 
2023-06-26 09:30:01:661 | INFO The password for LCMExport last modified 05/26/2023 11:35:47 has been found in database. 
2023-06-26 09:30:01:817 | INFO The password for LCMExport has been generated successfully 
2023-06-26 09:30:01:833 | INFO Trying to change password for LCMExport in the database EpmTools_config. 
2023-06-26 09:30:01:848 | INFO Secret for user LCMExport has been encrypted. 
2023-06-26 09:30:01:895 | INFO Secret for user LCMExport has been updated in the db [RowsAffected = 2] 
2023-06-26 09:30:01:942 | INFO Trying to change password for LCMExport using HSS http://127.0.0.1:8448. 
2023-06-26 09:30:02:567 | INFO The password for LCMExport has been changed. Password changed 
2023-06-27 09:30:01:289 | INFO The password for LCMExport last modified 06/26/2023 09:30:01 has been found in database. 
2023-06-27 09:30:01:336 | INFO The password was updated 24 hours ago. No need to update. 
2023-06-28 09:30:01:479 | INFO The password for LCMExport last modified 06/26/2023 09:30:01 has been found in database. 
2023-06-28 09:30:01:542 | INFO The password was updated 48 hours ago. No need to update. 
2023-06-29 09:30:01:325 | INFO The password for LCMExport last modified 06/26/2023 09:30:01 has been found in database. 
2023-06-29 09:30:01:372 | INFO The password was updated 72 hours ago. No need to update. 
2023-06-30 09:30:01:549 | INFO The password for LCMExport last modified 06/26/2023 09:30:01 has been found in database. 
2023-06-30 09:30:01:612 | INFO The password was updated 96 hours ago. No need to update. 
2023-07-01 09:30:01:347 | INFO The password for LCMExport last modified 06/26/2023 09:30:01 has been found in database. 
2023-07-01 09:30:01:378 | INFO The password was updated 120 hours ago. No need to update. 
2023-07-02 09:30:01:403 | INFO The password for LCMExport last modified 06/26/2023 09:30:01 has been found in database. 
2023-07-02 09:30:01:465 | INFO The password was updated 144 hours ago. No need to update. 
2023-07-03 09:30:01:387 | INFO The password for LCMExport last modified 06/26/2023 09:30:01 has been found in database. 
2023-07-03 09:30:01:434 | INFO The password was updated 168 hours ago. No need to update. 
2023-07-04 09:30:01:492 | INFO The password for LCMExport last modified 06/26/2023 09:30:01 has been found in database. 
2023-07-04 09:30:01:539 | INFO The password was updated 192 hours ago. No need to update. 
2023-07-05 09:30:01:793 | INFO The password for LCMExport last modified 06/26/2023 09:30:01 has been found in database. 
2023-07-05 09:30:01:840 | INFO The password was updated 216 hours ago. No need to update. 
2023-07-06 09:30:01:653 | INFO The password for LCMExport last modified 06/26/2023 09:30:01 has been found in database. 
2023-07-06 09:30:01:700 | INFO The password was updated 240 hours ago. No need to update. 
2023-07-07 09:30:01:483 | INFO The password for LCMExport last modified 06/26/2023 09:30:01 has been found in database. 
2023-07-07 09:30:01:530 | INFO The password was updated 264 hours ago. No need to update. 
2023-07-08 09:30:01:756 | INFO The password for LCMExport last modified 06/26/2023 09:30:01 has been found in database. 
2023-07-08 09:30:01:819 | INFO The password was updated 288 hours ago. No need to update. 
2023-07-09 09:30:01:892 | INFO The password for LCMExport last modified 06/26/2023 09:30:01 has been found in database. 
2023-07-09 09:30:01:939 | INFO The password was updated 312 hours ago. No need to update. 
2023-07-10 09:30:01:858 | INFO The password for LCMExport last modified 06/26/2023 09:30:01 has been found in database. 
2023-07-10 09:30:01:905 | INFO The password was updated 336 hours ago. No need to update. 
2023-07-11 09:30:01:573 | INFO The password for LCMExport last modified 06/26/2023 09:30:01 has been found in database. 
2023-07-11 09:30:01:605 | INFO The password was updated 360 hours ago. No need to update. 
2023-07-12 09:30:01:592 | INFO The password for LCMExport last modified 06/26/2023 09:30:01 has been found in database. 
2023-07-12 09:30:01:632 | INFO The password was updated 384 hours ago. No need to update. 
2023-07-13 09:30:02:823 | INFO The password for LCMExport last modified 06/26/2023 09:30:01 has been found in database. 
2023-07-13 09:30:02:870 | INFO The password was updated 408 hours ago. No need to update. 
2023-07-14 09:30:01:760 | INFO The password for LCMExport last modified 06/26/2023 09:30:01 has been found in database. 
2023-07-14 09:30:01:822 | INFO The password was updated 432 hours ago. No need to update. 
2023-07-15 09:30:01:550 | INFO The password for LCMExport last modified 06/26/2023 09:30:01 has been found in database. 
2023-07-15 09:30:01:596 | INFO The password was updated 456 hours ago. No need to update. 
2023-07-16 09:30:01:850 | INFO The password for LCMExport last modified 06/26/2023 09:30:01 has been found in database. 
2023-07-16 09:30:01:897 | INFO The password was updated 480 hours ago. No need to update. 
2023-07-17 09:30:01:769 | INFO The password for LCMExport last modified 06/26/2023 09:30:01 has been found in database. 
2023-07-17 09:30:01:816 | INFO The password was updated 504 hours ago. No need to update. 
2023-07-18 09:30:01:726 | INFO The password for LCMExport last modified 06/26/2023 09:30:01 has been found in database. 
2023-07-18 09:30:01:773 | INFO The password was updated 528 hours ago. No need to update. 
2023-07-19 09:30:01:586 | INFO The password for LCMExport last modified 06/26/2023 09:30:01 has been found in database. 
2023-07-19 09:30:01:633 | INFO The password was updated 552 hours ago. No need to update. 
2023-07-20 09:30:01:660 | INFO The password for LCMExport last modified 06/26/2023 09:30:01 has been found in database. 
2023-07-20 09:30:01:691 | INFO The password was updated 576 hours ago. No need to update. 
2023-07-21 09:30:01:733 | INFO The password for LCMExport last modified 06/26/2023 09:30:01 has been found in database. 
2023-07-21 09:30:01:780 | INFO The password was updated 600 hours ago. No need to update. 
2023-07-22 09:30:01:671 | INFO The password for LCMExport last modified 06/26/2023 09:30:01 has been found in database. 
2023-07-22 09:30:01:703 | INFO The password was updated 624 hours ago. No need to update. 
2023-07-23 09:30:01:608 | INFO The password for LCMExport last modified 06/26/2023 09:30:01 has been found in database. 
2023-07-23 09:30:01:655 | INFO The password was updated 648 hours ago. No need to update. 
2023-07-24 09:30:01:796 | INFO The password for LCMExport last modified 06/26/2023 09:30:01 has been found in database. 
2023-07-24 09:30:01:827 | INFO The password was updated 672 hours ago. No need to update. 
2023-07-25 09:30:01:897 | INFO The password for LCMExport last modified 06/26/2023 09:30:01 has been found in database. 
2023-07-25 09:30:01:944 | INFO The password was updated 696 hours ago. No need to update. 
2023-07-26 09:30:01:971 | INFO The password for LCMExport last modified 06/26/2023 09:30:01 has been found in database. 
2023-07-26 09:30:02:189 | INFO The password for LCMExport has been generated successfully 
2023-07-26 09:30:02:189 | INFO Trying to change password for LCMExport in the database EpmTools_config. 
2023-07-26 09:30:02:205 | INFO Secret for user LCMExport has been encrypted. 
2023-07-26 09:30:02:236 | INFO Secret for user LCMExport has been updated in the db [RowsAffected = 2] 
2023-07-26 09:30:02:252 | INFO Trying to change password for LCMExport using HSS http://127.0.0.1:8448. 
2023-07-26 09:30:02:721 | INFO The password for LCMExport has been changed. Password changed 
2023-07-27 09:30:01:818 | INFO The password for LCMExport last modified 07/26/2023 09:30:02 has been found in database. 
2023-07-27 09:30:01:880 | INFO The password was updated 24 hours ago. No need to update. 
2023-07-28 09:30:01:849 | INFO The password for LCMExport last modified 07/26/2023 09:30:02 has been found in database. 
2023-07-28 09:30:01:892 | INFO The password was updated 48 hours ago. No need to update. 
2023-07-29 09:30:01:855 | INFO The password for LCMExport last modified 07/26/2023 09:30:02 has been found in database. 
2023-07-29 09:30:01:901 | INFO The password was updated 72 hours ago. No need to update. 
2023-07-30 09:30:01:930 | INFO The password for LCMExport last modified 07/26/2023 09:30:02 has been found in database. 
2023-07-30 09:30:01:977 | INFO The password was updated 96 hours ago. No need to update. 
2023-07-31 09:30:01:857 | INFO The password for LCMExport last modified 07/26/2023 09:30:02 has been found in database. 
2023-07-31 09:30:01:888 | INFO The password was updated 120 hours ago. No need to update. 
2023-08-01 09:30:01:020 | INFO The password for LCMExport last modified 07/26/2023 09:30:02 has been found in database. 
2023-08-01 09:30:01:067 | INFO The password was updated 144 hours ago. No need to update. 
2023-08-02 09:30:01:011 | INFO The password for LCMExport last modified 07/26/2023 09:30:02 has been found in database. 
2023-08-02 09:30:01:058 | INFO The password was updated 168 hours ago. No need to update. 
2023-08-03 09:30:01:057 | INFO The password for LCMExport last modified 07/26/2023 09:30:02 has been found in database. 
2023-08-03 09:30:01:104 | INFO The password was updated 192 hours ago. No need to update. 
2023-08-04 09:30:01:180 | INFO The password for LCMExport last modified 07/26/2023 09:30:02 has been found in database. 
2023-08-04 09:30:01:227 | INFO The password was updated 216 hours ago. No need to update. 
2023-08-05 09:30:01:286 | INFO The password for LCMExport last modified 07/26/2023 09:30:02 has been found in database. 
2023-08-05 09:30:01:317 | INFO The password was updated 240 hours ago. No need to update. 
2023-08-06 09:30:01:099 | INFO The password for LCMExport last modified 07/26/2023 09:30:02 has been found in database. 
2023-08-06 09:30:01:146 | INFO The password was updated 264 hours ago. No need to update. 
2023-08-07 09:30:01:381 | INFO The password for LCMExport last modified 07/26/2023 09:30:02 has been found in database. 
2023-08-07 09:30:01:443 | INFO The password was updated 288 hours ago. No need to update. 
